cd dashboard && docker build \
		--build-arg VERSION=0.2.0 \
		--build-arg BUILD_DATE=2026-03-23T16:16:19Z \
		-t starapihub/dashboard:local .
#0 building with "desktop-linux" instance using docker driver

#1 [internal] load build definition from Dockerfile
#1 transferring dockerfile: 749B done
#1 DONE 0.0s

#2 [internal] load metadata for docker.io/library/golang:1.24-alpine
#2 ...

#3 [internal] load metadata for docker.io/library/alpine:3.19
#3 DONE 1.6s

#2 [internal] load metadata for docker.io/library/golang:1.24-alpine
#2 DONE 1.6s

#4 [internal] load metadata for docker.io/library/node:20-alpine
#4 DONE 1.9s

#5 [internal] load .dockerignore
#5 transferring context: 2B done
#5 DONE 0.0s

#6 [backend 1/7] FROM docker.io/library/golang:1.24-alpine@sha256:8bee1901f1e530bfb4a7850aa7a479d17ae3a18beb6e09064ed54cfd245b7191
#6 resolve docker.io/library/golang:1.24-alpine@sha256:8bee1901f1e530bfb4a7850aa7a479d17ae3a18beb6e09064ed54cfd245b7191 0.0s done
#6 DONE 0.0s

#7 [frontend 1/6] FROM docker.io/library/node:20-alpine@sha256:b88333c42c23fbd91596ebd7fd10de239cedab9617de04142dde7315e3bc0afa
#7 resolve docker.io/library/node:20-alpine@sha256:b88333c42c23fbd91596ebd7fd10de239cedab9617de04142dde7315e3bc0afa 0.0s done
#7 DONE 0.0s

#8 [stage-2 1/3] FROM docker.io/library/alpine:3.19@sha256:6baf43584bcb78f2e5847d1de515f23499913ac9f12bdf834811a3145eb11ca1
#8 resolve docker.io/library/alpine:3.19@sha256:6baf43584bcb78f2e5847d1de515f23499913ac9f12bdf834811a3145eb11ca1 0.0s done
#8 DONE 0.0s

#9 [internal] load build context
#9 transferring context: 11.88MB 0.1s done
#9 DONE 0.1s

#10 [backend 3/7] COPY go.mod go.sum ./
#10 CACHED

#11 [backend 2/7] WORKDIR /build
#11 CACHED

#12 [frontend 2/6] WORKDIR /build
#12 CACHED

#13 [frontend 3/6] COPY frontend/package.json frontend/package-lock.json ./
#13 CACHED

#14 [frontend 5/6] COPY frontend/ ./
#14 CACHED

#15 [frontend 4/6] RUN npm ci
#15 CACHED

#16 [frontend 6/6] RUN npm run build
#16 CACHED

#17 [backend 4/7] RUN go mod download
#17 CACHED

#18 [backend 5/7] COPY . .
#18 DONE 0.2s

#19 [backend 6/7] COPY --from=frontend /build/dist ./frontend/dist
#19 DONE 0.0s

#20 [backend 7/7] RUN CGO_ENABLED=0 go build     -ldflags "-X 'github.com/starapihub/dashboard/internal/buildinfo.Version=0.2.0' -X 'github.com/starapihub/dashboard/internal/buildinfo.BuildDate=2026-03-23T16:16:19Z'"     -o dashboard .
#20 DONE 5.5s

#21 [stage-2 2/3] RUN apk add --no-cache ca-certificates
#21 CACHED

#22 [stage-2 3/3] COPY --from=backend /build/dashboard /usr/local/bin/dashboard
#22 DONE 0.0s

#23 exporting to image
#23 exporting layers
#23 exporting layers 0.3s done
#23 exporting manifest sha256:bca724b72b33d3494692b70338714ab29528107e242a62f3acdd704d1fa0f5f3 done
#23 exporting config sha256:a517545432840f89e79be12d835d95464dd379a768103913e8718d18b02942a0 done
#23 exporting attestation manifest sha256:51eddb1ed5fa12861222ce66fa61d15cb56600dda85b4a0239b117fd9f01d637 done
#23 exporting manifest list sha256:cc8b10bc5cf0c75eb41f6001cdc7ec8dfe2b3ed6fbe6f7928daf9f19137c5b3f done
#23 naming to docker.io/starapihub/dashboard:local done
#23 unpacking to docker.io/starapihub/dashboard:local 0.0s done
#23 DONE 0.4s
